<?xml version="1.0" encoding="UTF-8"?>
<!-- Generated by org.testng.reporters.JUnitXMLReporter -->
<testsuite hostname="LAPTOP-LO89C1EV" ignored="0" name="Home Page Module" tests="1" failures="0" timestamp="12 Dec 2018 14:43:45 GMT" time="0.09" errors="0">
  <testcase name="@BeforeMethod testSetUp" time="0.018" classname="com.test1.tests.TestBase">
    <failure type="java.lang.NullPointerException">
      <![CDATA[java.lang.NullPointerException
	at com.test1.tests.TestBase.testSetUp(TestBase.java:45)
... Removed 27 stack frames]]>
    </failure>
  </testcase> <!-- @BeforeMethod testSetUp -->
  <testcase name="testPageTitle" time="0.0" classname="com.test1.tests.HomePageTests">
    <skipped/>
  </testcase> <!-- testPageTitle -->
</testsuite> <!-- Home Page Module -->
