<?xml version="1.0" encoding="UTF-8"?>
<!-- Generated by org.testng.reporters.JUnitXMLReporter -->
<testsuite hostname="LAPTOP-LO89C1EV" ignored="0" name="Login Module" tests="4" failures="0" timestamp="12 Dec 2018 14:47:06 GMT" time="200.529" errors="0">
  <testcase name="testPageTitle" time="5.794" classname="com.test1.tests.MyAccountPageTests"/>
  <testcase name="testSuccessfulLogin" time="8.688" classname="com.test1.tests.MyAccountPageTests"/>
  <testcase name="testSuccessfulLogin" time="7.806" classname="com.test1.tests.MyAccountPageTests"/>
  <testcase name="testSuccessfulLogin" time="7.084" classname="com.test1.tests.MyAccountPageTests"/>
</testsuite> <!-- Login Module -->
