<?xml version="1.0" encoding="UTF-8"?>
<testsuite xmlns:xsi="http://www.w3.org/2001/XMLSchema-instance" xsi:schemaLocation="https://maven.apache.org/surefire/maven-surefire-plugin/xsd/surefire-test-report.xsd" name="TestSuite" time="117.528" tests="2" errors="0" skipped="0" failures="1">
  <properties>
[...]
</properties>
  <testcase name="testPageTitle" classname="com.test1.tests.HomePageTests" time="0.121">
    <failure message="Title is not correct expected [ABSoft Trainings – E-Commerce test web site | Home Page_Fail] but found [ABSoft Trainings – E-Commerce test web site | Home Page]" type="java.lang.AssertionError">java.lang.AssertionError: Title is not correct expected [ABSoft Trainings – E-Commerce test web site | Home Page_Fail] but found [ABSoft Trainings – E-Commerce test web site | Home Page]
	at com.test1.tests.HomePageTests.testPageTitle(HomePageTests.java:23)
</failure>
    <system-out><![CDATA[2018-12-22 12:48:11,266 +0530 [main] INFO  (TestBase.java:69) - ..................Starting testPageTitle................  
]]></system-out>
    <system-err><![CDATA[Starting ChromeDriver 2.38.552522 (437e6fbedfa8762dec75e2c5b3ddb86763dc9dcb) on port 36201
Only local connections are allowed.
Dec 22, 2018 12:48:26 PM org.openqa.selenium.remote.ProtocolHandshake createSession
INFO: Detected dialect: OSS
]]></system-err>
  </testcase>
  <testcase name="testPageTitle" classname="com.test1.tests.MyAccountPageTests" time="7.355"/>
</testsuite>