-------------------------------------------------------------------------------
Test set: TestSuite
-------------------------------------------------------------------------------
Tests run: 2, Failures: 1, Errors: 0, Skipped: 0, Time elapsed: 117.528 sec <<< FAILURE! - in TestSuite
testPageTitle(com.test1.tests.HomePageTests)  Time elapsed: 0.121 sec  <<< FAILURE!
java.lang.AssertionError: Title is not correct expected [ABSoft Trainings – E-Commerce test web site | Home Page_Fail] but found [ABSoft Trainings – E-Commerce test web site | Home Page]
	at com.test1.tests.HomePageTests.testPageTitle(HomePageTests.java:23)

