<?xml version="1.0" encoding="UTF-8"?>
<!-- Generated by org.testng.reporters.JUnitXMLReporter -->
<testsuite hostname="LAPTOP-LO89C1EV" ignored="0" name="Home Page Module" tests="1" failures="1" timestamp="22 Dec 2018 07:19:09 GMT" time="57.079" errors="0">
  <testcase name="testPageTitle" time="0.047" classname="com.test1.tests.HomePageTests">
    <failure type="java.lang.AssertionError" message="Title is not correct expected [ABSoft Trainings – E-Commerce test web site | Home Page_Fail] but found [ABSoft Trainings – E-Commerce test web site | Home Page]">
      <![CDATA[java.lang.AssertionError: Title is not correct expected [ABSoft Trainings – E-Commerce test web site | Home Page_Fail] but found [ABSoft Trainings – E-Commerce test web site | Home Page]
	at com.test1.tests.HomePageTests.testPageTitle(HomePageTests.java:23)
... Removed 33 stack frames]]>
    </failure>
  </testcase> <!-- testPageTitle -->
</testsuite> <!-- Home Page Module -->
